# JRE version: Java(TM) SE Runtime Environment (7.0_45-b18) (build 1.7.0_45-b18)
# Java VM: Java HotSpot(TM) 64-Bit Server VM (24.45-b08 mixed mode windows-amd64 compressed oops)
Heap
 PSYoungGen      total 142848K, used 57124K [0x00000007d5f00000, 0x00000007e7d00000, 0x0000000800000000)
  eden space 130048K, 34% used [0x00000007d5f00000,0x00000007d8a50120,0x00000007dde00000)
  from space 12800K, 99% used [0x00000007dde00000,0x00000007dea78f90,0x00000007dea80000)
  to   space 16384K, 0% used [0x00000007e6d00000,0x00000007e6d00000,0x00000007e7d00000)
 ParOldGen       total 86016K, used 19031K [0x0000000781e00000, 0x0000000787200000, 0x00000007d5f00000)
  object space 86016K, 22% used [0x0000000781e00000,0x0000000783095f38,0x0000000787200000)
 PSPermGen       total 34304K, used 33897K [0x000000077cc00000, 0x000000077ed80000, 0x0000000781e00000)
  object space 34304K, 98% used [0x000000077cc00000,0x000000077ed1a7a8,0x000000077ed80000)
GC Heap History (10 events):
Event: 3.010 GC heap before
{Heap before GC invocations=3 (full 0):
 PSYoungGen      total 37888K, used 37862K [0x00000007d5f00000, 0x00000007d8900000, 0x0000000800000000)
  eden space 32768K, 100% used [0x00000007d5f00000,0x00000007d7f00000,0x00000007d7f00000)
  from space 5120K, 99% used [0x00000007d8400000,0x00000007d88f9b40,0x00000007d8900000)
  to   space 5120K, 0% used [0x00000007d7f00000,0x00000007d7f00000,0x00000007d8400000)
 ParOldGen       total 86016K, used 3299K [0x0000000781e00000, 0x0000000787200000, 0x00000007d5f00000)
  object space 86016K, 3% used [0x0000000781e00000,0x0000000782138fc8,0x0000000787200000)
 PSPermGen       total 21504K, used 17051K [0x000000077cc00000, 0x000000077e100000, 0x0000000781e00000)
  object space 21504K, 79% used [0x000000077cc00000,0x000000077dca6cc0,0x000000077e100000)
Event: 3.019 GC heap after
Heap after GC invocations=3 (full 0):
 PSYoungGen      total 37888K, used 5097K [0x00000007d5f00000, 0x00000007da900000, 0x0000000800000000)
  eden space 32768K, 0% used [0x00000007d5f00000,0x00000007d5f00000,0x00000007d7f00000)
  from space 5120K, 99% used [0x00000007d7f00000,0x00000007d83fa670,0x00000007d8400000)
  to   space 5120K, 0% used [0x00000007da400000,0x00000007da400000,0x00000007da900000)
 ParOldGen       total 86016K, used 6751K [0x0000000781e00000, 0x0000000787200000, 0x00000007d5f00000)
  object space 86016K, 7% used [0x0000000781e00000,0x0000000782497d28,0x0000000787200000)
 PSPermGen       total 21504K, used 17051K [0x000000077cc00000, 0x000000077e100000, 0x0000000781e00000)
  object space 21504K, 79% used [0x000000077cc00000,0x000000077dca6cc0,0x000000077e100000)
}
Event: 3.440 GC heap before
{Heap before GC invocations=4 (full 0):
 PSYoungGen      total 37888K, used 37865K [0x00000007d5f00000, 0x00000007da900000, 0x0000000800000000)
  eden space 32768K, 100% used [0x00000007d5f00000,0x00000007d7f00000,0x00000007d7f00000)
  from space 5120K, 99% used [0x00000007d7f00000,0x00000007d83fa670,0x00000007d8400000)
  to   space 5120K, 0% used [0x00000007da400000,0x00000007da400000,0x00000007da900000)
 ParOldGen       total 86016K, used 6751K [0x0000000781e00000, 0x0000000787200000, 0x00000007d5f00000)
  object space 86016K, 7% used [0x0000000781e00000,0x0000000782497d28,0x0000000787200000)
 PSPermGen       total 21504K, used 18235K [0x000000077cc00000, 0x000000077e100000, 0x0000000781e00000)
  object space 21504K, 84% used [0x000000077cc00000,0x000000077ddcef68,0x000000077e100000)
Event: 3.449 GC heap after
Heap after GC invocations=4 (full 0):
 PSYoungGen      total 70656K, used 5112K [0x00000007d5f00000, 0x00000007da900000, 0x0000000800000000)
  eden space 65536K, 0% used [0x00000007d5f00000,0x00000007d5f00000,0x00000007d9f00000)
  from space 5120K, 99% used [0x00000007da400000,0x00000007da8fe030,0x00000007da900000)
  to   space 5120K, 0% used [0x00000007d9f00000,0x00000007d9f00000,0x00000007da400000)
 ParOldGen       total 86016K, used 9228K [0x0000000781e00000, 0x0000000787200000, 0x00000007d5f00000)
  object space 86016K, 10% used [0x0000000781e00000,0x00000007827031c8,0x0000000787200000)
 PSPermGen       total 21504K, used 18235K [0x000000077cc00000, 0x000000077e100000, 0x0000000781e00000)
  object space 21504K, 84% used [0x000000077cc00000,0x000000077ddcef68,0x000000077e100000)
}
Event: 4.827 GC heap before
{Heap before GC invocations=5 (full 0):
 PSYoungGen      total 70656K, used 70648K [0x00000007d5f00000, 0x00000007da900000, 0x0000000800000000)
  eden space 65536K, 100% used [0x00000007d5f00000,0x00000007d9f00000,0x00000007d9f00000)
  from space 5120K, 99% used [0x00000007da400000,0x00000007da8fe030,0x00000007da900000)
  to   space 5120K, 0% used [0x00000007d9f00000,0x00000007d9f00000,0x00000007da400000)
 ParOldGen       total 86016K, used 9228K [0x0000000781e00000, 0x0000000787200000, 0x00000007d5f00000)
  object space 86016K, 10% used [0x0000000781e00000,0x00000007827031c8,0x0000000787200000)
 PSPermGen       total 24064K, used 23994K [0x000000077cc00000, 0x000000077e380000, 0x0000000781e00000)
  object space 24064K, 99% used [0x000000077cc00000,0x000000077e36e908,0x000000077e380000)
Event: 4.841 GC heap after
Heap after GC invocations=5 (full 0):
 PSYoungGen      total 70656K, used 5096K [0x00000007d5f00000, 0x00000007df600000, 0x0000000800000000)
  eden space 65536K, 0% used [0x00000007d5f00000,0x00000007d5f00000,0x00000007d9f00000)
  from space 5120K, 99% used [0x00000007d9f00000,0x00000007da3fa040,0x00000007da400000)
  to   space 11776K, 0% used [0x00000007dea80000,0x00000007dea80000,0x00000007df600000)
 ParOldGen       total 86016K, used 14721K [0x0000000781e00000, 0x0000000787200000, 0x00000007d5f00000)
  object space 86016K, 17% used [0x0000000781e00000,0x0000000782c604d8,0x0000000787200000)
 PSPermGen       total 24064K, used 23994K [0x000000077cc00000, 0x000000077e380000, 0x0000000781e00000)
  object space 24064K, 99% used [0x000000077cc00000,0x000000077e36e908,0x000000077e380000)
}
Event: 5.716 GC heap before
{Heap before GC invocations=6 (full 0):
 PSYoungGen      total 70656K, used 70632K [0x00000007d5f00000, 0x00000007df600000, 0x0000000800000000)
  eden space 65536K, 100% used [0x00000007d5f00000,0x00000007d9f00000,0x00000007d9f00000)
  from space 5120K, 99% used [0x00000007d9f00000,0x00000007da3fa040,0x00000007da400000)
  to   space 11776K, 0% used [0x00000007dea80000,0x00000007dea80000,0x00000007df600000)
 ParOldGen       total 86016K, used 14721K [0x0000000781e00000, 0x0000000787200000, 0x00000007d5f00000)
  object space 86016K, 17% used [0x0000000781e00000,0x0000000782c604d8,0x0000000787200000)
 PSPermGen       total 27648K, used 27266K [0x000000077cc00000, 0x000000077e700000, 0x0000000781e00000)
  object space 27648K, 98% used [0x000000077cc00000,0x000000077e6a0810,0x000000077e700000)
Event: 5.728 GC heap after
Heap after GC invocations=6 (full 0):
 PSYoungGen      total 141824K, used 10160K [0x00000007d5f00000, 0x00000007df800000, 0x0000000800000000)
  eden space 130048K, 0% used [0x00000007d5f00000,0x00000007d5f00000,0x00000007dde00000)
  from space 11776K, 86% used [0x00000007dea80000,0x00000007df46c3a8,0x00000007df600000)
  to   space 12800K, 0% used [0x00000007dde00000,0x00000007dde00000,0x00000007dea80000)
 ParOldGen       total 86016K, used 14729K [0x0000000781e00000, 0x0000000787200000, 0x00000007d5f00000)
  object space 86016K, 17% used [0x0000000781e00000,0x0000000782c624d8,0x0000000787200000)
 PSPermGen       total 27648K, used 27266K [0x000000077cc00000, 0x000000077e700000, 0x0000000781e00000)
  object space 27648K, 98% used [0x000000077cc00000,0x000000077e6a0810,0x000000077e700000)
}
Event: 7.662 GC heap before
{Heap before GC invocations=7 (full 0):
 PSYoungGen      total 141824K, used 140208K [0x00000007d5f00000, 0x00000007df800000, 0x0000000800000000)
  eden space 130048K, 100% used [0x00000007d5f00000,0x00000007dde00000,0x00000007dde00000)
  from space 11776K, 86% used [0x00000007dea80000,0x00000007df46c3a8,0x00000007df600000)
  to   space 12800K, 0% used [0x00000007dde00000,0x00000007dde00000,0x00000007dea80000)
 ParOldGen       total 86016K, used 14729K [0x0000000781e00000, 0x0000000787200000, 0x00000007d5f00000)
  object space 86016K, 17% used [0x0000000781e00000,0x0000000782c624d8,0x0000000787200000)
 PSPermGen       total 32768K, used 32477K [0x000000077cc00000, 0x000000077ec00000, 0x0000000781e00000)
  object space 32768K, 99% used [0x000000077cc00000,0x000000077ebb7478,0x000000077ec00000)
Event: 7.687 GC heap after
Heap after GC invocations=7 (full 0):
 PSYoungGen      total 142848K, used 12771K [0x00000007d5f00000, 0x00000007e7d00000, 0x0000000800000000)
  eden space 130048K, 0% used [0x00000007d5f00000,0x00000007d5f00000,0x00000007dde00000)
  from space 12800K, 99% used [0x00000007dde00000,0x00000007dea78f90,0x00000007dea80000)
  to   space 16384K, 0% used [0x00000007e6d00000,0x00000007e6d00000,0x00000007e7d00000)
 ParOldGen       total 86016K, used 19031K [0x0000000781e00000, 0x0000000787200000, 0x00000007d5f00000)
  object space 86016K, 22% used [0x0000000781e00000,0x0000000783095f38,0x0000000787200000)
 PSPermGen       total 32768K, used 32477K [0x000000077cc00000, 0x000000077ec00000, 0x0000000781e00000)
  object space 32768K, 99% used [0x000000077cc00000,0x000000077ebb7478,0x000000077ec00000)
}

